
     Program OPEN_GRID v.7.2 starts on  1Jul2024 at 15:57:51 

     This program is part of the open-source Quantum ESPRESSO suite
     for quantum simulation of materials; please cite
         "P. Giannozzi et al., J. Phys.:Condens. Matter 21 395502 (2009);
         "P. Giannozzi et al., J. Phys.:Condens. Matter 29 465901 (2017);
         "P. Giannozzi et al., J. Chem. Phys. 152 154105 (2020);
          URL http://www.quantum-espresso.org", 
     in publications or presentations arising from this work. More details at
     http://www.quantum-espresso.org/quote

     Parallel version (MPI), running on     6 processors

     MPI processes distributed on     1 nodes
     R & G space division:  proc/nbgrp/npool/nimage =       6
     6048 MiB available memory on the printing compute node when the environment starts


  Reading nscf_save data

     Reading xml data from directory:

     ../tmp/stanene.save/
     file Sn.rel-pbe-dn-kjpaw_psl.1.0.0.UPF: wavefunction(s)  5S 5P 5P 4D 4D renormalized

     IMPORTANT: XC functional enforced from input :
     Exchange-correlation= PBE
                           (   1   4   3   4   0   0   0)
     Any further DFT definition will be discarded
     Please, verify this is what you really want


     Parallelization info
     --------------------
     sticks:   dense  smooth     PW     G-vecs:    dense   smooth      PW
     Min         431     214     61                75909    26818    4015
     Max         432     215     62                75924    26841    4025
     Sum        2587    1285    367               455489   160939   24117

     Using Slab Decomposition


     negative rho (up, down):  3.305E-04 0.000E+00
     Reading collected, re-writing distributed wavefunctions


 %%%%%%%%%%%%%%%%%%%%%%%%%%%%%%%%%%%%%%%%%%%%%%%%%%%%%%%%%%%%%%%%%%%%%%%%%%%%%%
     Error in routine exx_grid_init (1):
     wrong EXX q grid
 %%%%%%%%%%%%%%%%%%%%%%%%%%%%%%%%%%%%%%%%%%%%%%%%%%%%%%%%%%%%%%%%%%%%%%%%%%%%%%

     stopping ...
